[2018-06-11 13:44:11 *9462.2]	ERROR	zm_deactivate_swoole (ERROR 503): Fatal error: Cannot declare class ExceptionHandler, because the name is already in use in /home/vagrant/code/swoole/easyswooleChat/App/ExceptionHandler.php on line 13.
[2018-06-11 13:44:11 $9450.0]	WARNING	swManager_check_exit_status: worker#2 abnormal exit, status=255, signal=0
[2018-06-11 14:15:53 *9737.2]	ERROR	zm_deactivate_swoole (ERROR 503): Fatal error: Uncaught ArgumentCountError: Too few arguments to function App\Common\Functions::error(), 1 passed in /home/vagrant/code/swoole/easyswooleChat/App/ExceptionHandler.php on line 18 and exactly 4 expected in /home/vagrant/code/swoole/easyswooleChat/App/Common/Functions.php:36
Stack trace:
#0 /home/vagrant/code/swoole/easyswooleChat/App/ExceptionHandler.php(18): App\Common\Functions::error('1111')
#1 /home/vagrant/code/swoole/easyswooleChat/vendor/easyswoole/easys
[2018-06-11 14:15:53 $9725.0]	WARNING	swManager_check_exit_status: worker#2 abnormal exit, status=255, signal=0
[2018-06-11 14:18:55 *9766.2]	ERROR	zm_deactivate_swoole (ERROR 503): Fatal error: Uncaught ArgumentCountError: Too few arguments to function App\Common\Functions::jreturn(), 4 passed in /home/vagrant/code/swoole/easyswooleChat/App/Common/Functions.php on line 32 and exactly 5 expected in /home/vagrant/code/swoole/easyswooleChat/App/Common/Functions.php:19
Stack trace:
#0 /home/vagrant/code/swoole/easyswooleChat/App/Common/Functions.php(32): App\Common\Functions::jreturn(0, '1111', Array, '5000')
#1 /home/vagrant/code/swoole/easyswooleChat/A
[2018-06-11 14:18:55 $9754.0]	WARNING	swManager_check_exit_status: worker#2 abnormal exit, status=255, signal=0
[2018-06-11 14:20:18 *9789.2]	ERROR	zm_deactivate_swoole (ERROR 503): Fatal error: Uncaught ArgumentCountError: Too few arguments to function App\Common\Functions::jreturn(), 4 passed in /home/vagrant/code/swoole/easyswooleChat/App/Common/Functions.php on line 32 and exactly 5 expected in /home/vagrant/code/swoole/easyswooleChat/App/Common/Functions.php:19
Stack trace:
#0 /home/vagrant/code/swoole/easyswooleChat/App/Common/Functions.php(32): App\Common\Functions::jreturn(0, '1111', Array, '5000')
#1 /home/vagrant/code/swoole/easyswooleChat/A
[2018-06-11 14:20:18 $9777.0]	WARNING	swManager_check_exit_status: worker#2 abnormal exit, status=255, signal=0
[2018-06-11 14:22:08 *9811.2]	ERROR	zm_deactivate_swoole (ERROR 503): Fatal error: Uncaught ArgumentCountError: Too few arguments to function EasySwoole\Core\Http\Response::__construct(), 0 passed in /home/vagrant/code/swoole/easyswooleChat/App/Common/Functions.php on line 25 and exactly 1 expected in /home/vagrant/code/swoole/easyswooleChat/vendor/easyswoole/easyswoole/src/Core/Http/Response.php:29
Stack trace:
#0 /home/vagrant/code/swoole/easyswooleChat/App/Common/Functions.php(25): EasySwoole\Core\Http\Response->__construct()
#1 /home/vag
[2018-06-11 14:22:08 $9799.0]	WARNING	swManager_check_exit_status: worker#2 abnormal exit, status=255, signal=0
[2018-06-11 14:28:23 *9843.2]	ERROR	zm_deactivate_swoole (ERROR 503): Fatal error: Declaration of App\ExceptionHandler::handle(Throwable $throwable, App\Common\Functions $functions) must be compatible with EasySwoole\Core\Http\AbstractInterface\ExceptionHandlerInterface::handle(Throwable $throwable, EasySwoole\Core\Http\Request $request, EasySwoole\Core\Http\Response $response) in /home/vagrant/code/swoole/easyswooleChat/App/ExceptionHandler.php on line 14.
[2018-06-11 14:28:23 $9831.0]	WARNING	swManager_check_exit_status: worker#2 abnormal exit, status=255, signal=0
[2018-06-11 14:48:13 *10108.2]	ERROR	zm_deactivate_swoole (ERROR 503): Fatal error: Uncaught ArgumentCountError: Too few arguments to function EasySwoole\Core\Http\AbstractInterface\Controller::__construct(), 0 passed and exactly 3 expected in /home/vagrant/code/swoole/easyswooleChat/vendor/easyswoole/easyswoole/src/Core/Http/AbstractInterface/Controller.php:28
Stack trace:
#0 [internal function]: EasySwoole\Core\Http\AbstractInterface\Controller->__construct()
#1 /home/vagrant/code/swoole/easyswooleChat/vendor/easyswoole/easyswoole/src/Core/
[2018-06-11 14:48:13 $10096.0]	WARNING	swManager_check_exit_status: worker#2 abnormal exit, status=255, signal=0
[2018-06-11 14:50:13 *10131.2]	ERROR	zm_deactivate_swoole (ERROR 503): Fatal error: Uncaught ArgumentCountError: Too few arguments to function EasySwoole\Core\Http\AbstractInterface\Controller::__construct(), 0 passed in /home/vagrant/code/swoole/easyswooleChat/App/ExceptionHandler.php on line 20 and exactly 3 expected in /home/vagrant/code/swoole/easyswooleChat/vendor/easyswoole/easyswoole/src/Core/Http/AbstractInterface/Controller.php:28
Stack trace:
#0 /home/vagrant/code/swoole/easyswooleChat/App/ExceptionHandler.php(20): EasySwoole\Core\H
[2018-06-11 14:50:13 $10119.0]	WARNING	swManager_check_exit_status: worker#2 abnormal exit, status=255, signal=0
[2018-06-11 15:11:48 *10502.2]	ERROR	zm_deactivate_swoole (ERROR 503): Fatal error: Uncaught ArgumentCountError: Too few arguments to function App\Common\ViewController::__construct(), 0 passed and exactly 3 expected in /home/vagrant/code/swoole/easyswooleChat/App/Common/ViewController.php:33
Stack trace:
#0 [internal function]: App\Common\ViewController->__construct()
#1 /home/vagrant/code/swoole/easyswooleChat/vendor/easyswoole/easyswoole/src/Core/Component/Di.php(54): ReflectionClass->newInstanceArgs(Array)
#2 /home/vagrant/code/swoole/eas
[2018-06-11 15:11:48 $10490.0]	WARNING	swManager_check_exit_status: worker#2 abnormal exit, status=255, signal=0
[2018-06-11 15:14:35 *10528.2]	ERROR	zm_deactivate_swoole (ERROR 503): Fatal error: Uncaught ArgumentCountError: Too few arguments to function App\Common\ViewController::__construct(), 0 passed and exactly 3 expected in /home/vagrant/code/swoole/easyswooleChat/App/Common/ViewController.php:33
Stack trace:
#0 [internal function]: App\Common\ViewController->__construct()
#1 /home/vagrant/code/swoole/easyswooleChat/vendor/easyswoole/easyswoole/src/Core/Component/Di.php(54): ReflectionClass->newInstanceArgs(Array)
#2 /home/vagrant/code/swoole/eas
[2018-06-11 15:14:35 $10516.0]	WARNING	swManager_check_exit_status: worker#2 abnormal exit, status=255, signal=0
[2018-06-11 15:14:39 *10529.3]	ERROR	zm_deactivate_swoole (ERROR 503): Fatal error: Uncaught ArgumentCountError: Too few arguments to function App\Common\ViewController::__construct(), 0 passed and exactly 3 expected in /home/vagrant/code/swoole/easyswooleChat/App/Common/ViewController.php:33
Stack trace:
#0 [internal function]: App\Common\ViewController->__construct()
#1 /home/vagrant/code/swoole/easyswooleChat/vendor/easyswoole/easyswoole/src/Core/Component/Di.php(54): ReflectionClass->newInstanceArgs(Array)
#2 /home/vagrant/code/swoole/eas
[2018-06-11 15:14:39 $10516.0]	WARNING	swManager_check_exit_status: worker#3 abnormal exit, status=255, signal=0
